{
  "RSpec": {
    "coverage": {
      "/Users/thomaswilliams/Google Drive/Programming/incy/lib/crawler/crawler.rb": [
        1,
        1,
        1,
        7,
        7,
        7,
        7,
        7,
        null,
        null,
        1,
        9,
        null,
        null,
        1,
        5,
        5,
        5,
        5,
        null,
        null,
        1,
        6,
        6,
        null,
        null,
        1,
        5,
        5,
        645,
        645,
        null,
        5,
        null,
        null,
        1,
        5,
        null,
        null,
        1,
        5,
        5,
        4,
        4,
        4,
        null,
        null,
        null,
        1,
        960,
        null,
        null,
        1,
        9,
        null,
        null,
        1,
        9,
        null,
        null,
        null
      ],
      "/Users/thomaswilliams/Google Drive/Programming/incy/lib/crawler/processor.rb": [
        1,
        1,
        null,
        1,
        12,
        12,
        null,
        null,
        1,
        9,
        553,
        9,
        734,
        null,
        null,
        1,
        null,
        1,
        9,
        9,
        1451,
        1451,
        null,
        null,
        null,
        1,
        1451,
        null,
        null
      ],
      "/Users/thomaswilliams/Google Drive/Programming/incy/lib/crawler/content.rb": [
        1,
        null,
        1,
        5,
        10,
        null,
        null,
        null,
        1,
        null,
        1,
        5,
        5,
        5,
        null,
        null,
        null,
        null
      ],
      "/Users/thomaswilliams/Google Drive/Programming/incy/app/helpers/app_helper.rb": [
        1,
        null
      ],
      "/Users/thomaswilliams/Google Drive/Programming/incy/app/helpers/application_helper.rb": [
        1,
        null
      ],
      "/Users/thomaswilliams/Google Drive/Programming/incy/app/helpers/pages_helper.rb": [
        1,
        null
      ],
      "/Users/thomaswilliams/Google Drive/Programming/incy/app/models/page.rb": [
        1,
        null
      ],
      "/Users/thomaswilliams/Google Drive/Programming/incy/app/models/application_record.rb": [
        1,
        1,
        null
      ],
      "/Users/thomaswilliams/Google Drive/Programming/incy/app/models/link.rb": [
        1,
        1,
        null
      ],
      "/Users/thomaswilliams/Google Drive/Programming/incy/app/channels/application_cable/channel.rb": [
        0,
        0,
        0,
        0
      ],
      "/Users/thomaswilliams/Google Drive/Programming/incy/app/channels/application_cable/connection.rb": [
        0,
        0,
        0,
        0
      ],
      "/Users/thomaswilliams/Google Drive/Programming/incy/app/controllers/app_controller.rb": [
        0,
        0,
        0,
        0,
        0,
        0,
        0,
        0,
        0,
        0,
        0,
        0,
        0,
        0,
        0,
        0
      ],
      "/Users/thomaswilliams/Google Drive/Programming/incy/app/controllers/application_controller.rb": [
        0,
        0,
        0
      ],
      "/Users/thomaswilliams/Google Drive/Programming/incy/app/controllers/pages_controller.rb": [
        0,
        0,
        0,
        0,
        0,
        0,
        0,
        0,
        0,
        0,
        0,
        0,
        0,
        0,
        0,
        0,
        0,
        0,
        0
      ],
      "/Users/thomaswilliams/Google Drive/Programming/incy/app/jobs/application_job.rb": [
        0,
        0
      ],
      "/Users/thomaswilliams/Google Drive/Programming/incy/app/mailers/application_mailer.rb": [
        0,
        0,
        0,
        0
      ],
      "/Users/thomaswilliams/Google Drive/Programming/incy/lib/assets/test_crawler.rb": [
        0,
        0,
        0,
        0,
        0,
        0,
        0,
        0,
        0,
        0,
        0,
        0,
        0,
        0,
        0,
        0,
        0,
        0,
        0,
        0,
        0,
        0,
        0,
        0,
        0,
        0,
        0,
        0,
        0,
        0,
        0
      ],
      "/Users/thomaswilliams/Google Drive/Programming/incy/lib/crawler/test_crawler.rb": [
        0,
        0,
        0,
        0,
        0,
        0,
        0,
        0,
        0,
        0,
        0
      ]
    },
    "timestamp": 1472745678
  }
}
