{
  "RSpec": {
    "coverage": {
      "/Users/jasonluong/Documents/makers/incy/lib/crawler/crawler.rb": [
        1,
        1,
        1,
        7,
        7,
        7,
        7,
        7,
        7,
        null,
        null,
        1,
        14,
        null,
        null,
        1,
        10,
        10,
        10,
        null,
        null,
        null,
        1,
        11,
        11,
        null,
        null,
        1,
        10,
        10,
        912,
        912,
        null,
        10,
        null,
        null,
        1,
        10,
        null,
        null,
        1,
        10,
        10,
        9,
        9,
        null,
        null,
        null,
        1,
        0,
        null,
        null,
        1,
        14,
        934,
        null,
        0,
        null,
        null,
        null,
        1,
        14,
        14,
        null,
        0,
        null,
        null,
        null,
        null,
        1,
        0,
        0,
        null,
        0,
        null,
        null,
        null,
        null
      ],
      "/Users/jasonluong/Documents/makers/incy/lib/crawler/processor.rb": [
        1,
        1,
        null,
        1,
        13,
        13,
        null,
        null,
        1,
        15,
        577,
        15,
        1032,
        null,
        null,
        1,
        null,
        1,
        15,
        15,
        2321,
        2321,
        2321,
        null,
        null,
        null,
        1,
        2321,
        null,
        null
      ],
      "/Users/jasonluong/Documents/makers/incy/lib/crawler/content.rb": [
        1,
        null,
        1,
        0,
        null,
        null,
        null,
        1,
        0,
        null,
        null,
        null,
        1,
        null,
        1,
        0,
        null,
        0,
        0,
        0,
        null,
        null,
        null
      ],
      "/Users/jasonluong/Documents/makers/incy/app/helpers/app_helper.rb": [
        1,
        null
      ],
      "/Users/jasonluong/Documents/makers/incy/app/helpers/application_helper.rb": [
        1,
        null
      ],
      "/Users/jasonluong/Documents/makers/incy/app/helpers/pages_helper.rb": [
        1,
        null
      ],
      "/Users/jasonluong/Documents/makers/incy/app/models/page.rb": [
        1,
        null
      ],
      "/Users/jasonluong/Documents/makers/incy/app/models/application_record.rb": [
        1,
        1,
        null
      ],
      "/Users/jasonluong/Documents/makers/incy/app/models/link.rb": [
        1,
        1,
        null
      ],
      "/Users/jasonluong/Documents/makers/incy/app/channels/application_cable/channel.rb": [
        0,
        0,
        0,
        0
      ],
      "/Users/jasonluong/Documents/makers/incy/app/channels/application_cable/connection.rb": [
        0,
        0,
        0,
        0
      ],
      "/Users/jasonluong/Documents/makers/incy/app/controllers/application_controller.rb": [
        0,
        0,
        0
      ],
      "/Users/jasonluong/Documents/makers/incy/app/controllers/pages_controller.rb": [
        0,
        0,
        0,
        0,
        0,
        0,
        0,
        0,
        0,
        0,
        0,
        0,
        0,
        0,
        0,
        0,
        0,
        0,
        0,
        0,
        0,
        0,
        0,
        0
      ],
      "/Users/jasonluong/Documents/makers/incy/app/jobs/application_job.rb": [
        0,
        0
      ],
      "/Users/jasonluong/Documents/makers/incy/app/mailers/application_mailer.rb": [
        0,
        0,
        0,
        0
      ],
      "/Users/jasonluong/Documents/makers/incy/lib/assets/test_crawler.rb": [
        0,
        0,
        0,
        0,
        0,
        0,
        0,
        0,
        0,
        0,
        0,
        0,
        0,
        0,
        0,
        0,
        0,
        0,
        0,
        0,
        0,
        0,
        0,
        0,
        0,
        0,
        0,
        0,
        0,
        0,
        0
      ]
    },
    "timestamp": 1476303433
  }
}
